<?xml version="1.0" encoding="UTF-8"?>
<testng-results skipped="0" failed="0" total="1" passed="1">
  <reporter-output>
  </reporter-output>
  <suite name="Suite" duration-ms="52" started-at="2017-05-12T20:00:04Z" finished-at="2017-05-12T20:00:04Z">
    <groups>
    </groups>
    <test name="Test" duration-ms="52" started-at="2017-05-12T20:00:04Z" finished-at="2017-05-12T20:00:04Z">
      <class name="JenkinsD.NewTest">
        <test-method status="PASS" signature="f()[pri:0, instance:JenkinsD.NewTest@63d4e2ba]" name="f" duration-ms="24" started-at="2017-05-13T01:30:04Z" finished-at="2017-05-13T01:30:04Z">
          <reporter-output>
          </reporter-output>
        </test-method> <!-- f -->
      </class> <!-- JenkinsD.NewTest -->
    </test> <!-- Test -->
  </suite> <!-- Suite -->
</testng-results>
